<?xml version="1.0" encoding="UTF-8"?>
<!-- Generated by org.testng.reporters.JUnitXMLReporter -->
<testsuite hostname="VISHAL-HP" ignored="2" name="Test3" tests="1" failures="0" timestamp="10 Aug 2018 04:37:48 GMT" time="0.043" errors="0">
  <testcase name="writeMessage" time="0.015" classname="seleniumrevision.org.test.GroupTestExample"/>
  <testcase name="printMessage" time="0.0" classname="seleniumrevision.org.test.GroupTestExample">
    <ignored/>
  </testcase> <!-- printMessage -->
  <testcase name="rewriteMessage" time="0.0" classname="seleniumrevision.org.test.GroupTestExample">
    <ignored/>
  </testcase> <!-- rewriteMessage -->
</testsuite> <!-- Test3 -->
