<?xml version="1.0" encoding="UTF-8"?>
<testng-results skipped="0" failed="0" ignored="0" total="1" passed="1">
  <reporter-output>
  </reporter-output>
  <suite name="Default suite" duration-ms="4962" started-at="2018-10-22T03:27:16Z" finished-at="2018-10-22T03:27:21Z">
    <groups>
    </groups>
    <test name="Default test" duration-ms="4962" started-at="2018-10-22T03:27:16Z" finished-at="2018-10-22T03:27:21Z">
      <class name="seleniumrevision.org.test.Ajaxdemo">
        <test-method status="PASS" signature="setUp()[pri:0, instance:seleniumrevision.org.test.Ajaxdemo@81d9a72]" name="setUp" is-config="true" duration-ms="3998" started-at="2018-10-22T03:27:16Z" finished-at="2018-10-22T03:27:20Z">
          <reporter-output>
          </reporter-output>
        </test-method> <!-- setUp -->
        <test-method status="PASS" signature="test_AjaxExample()[pri:0, instance:seleniumrevision.org.test.Ajaxdemo@81d9a72]" name="test_AjaxExample" duration-ms="934" started-at="2018-10-22T03:27:20Z" finished-at="2018-10-22T03:27:21Z">
          <reporter-output>
          </reporter-output>
        </test-method> <!-- test_AjaxExample -->
      </class> <!-- seleniumrevision.org.test.Ajaxdemo -->
    </test> <!-- Default test -->
  </suite> <!-- Default suite -->
</testng-results>
