<?xml version="1.0" encoding="UTF-8"?>
<testng-results skipped="0" failed="0" ignored="0" total="1" passed="1">
  <reporter-output>
  </reporter-output>
  <suite name="Default suite" duration-ms="25821" started-at="2018-08-22T13:20:51Z" finished-at="2018-08-22T13:21:17Z">
    <groups>
    </groups>
    <test name="Default test" duration-ms="25821" started-at="2018-08-22T13:20:51Z" finished-at="2018-08-22T13:21:17Z">
      <class name="seleniumrevision.org.test.PDFFetchFromURL">
        <test-method status="PASS" signature="pdf()[pri:0, instance:seleniumrevision.org.test.PDFFetchFromURL@5c86dbc5]" name="pdf" duration-ms="25554" started-at="2018-08-22T13:20:51Z" finished-at="2018-08-22T13:21:17Z">
          <reporter-output>
          </reporter-output>
        </test-method> <!-- pdf -->
        <test-method status="PASS" signature="closeBrowser()[pri:0, instance:seleniumrevision.org.test.PDFFetchFromURL@5c86dbc5]" name="closeBrowser" is-config="true" duration-ms="219" started-at="2018-08-22T13:21:17Z" finished-at="2018-08-22T13:21:17Z">
          <reporter-output>
          </reporter-output>
        </test-method> <!-- closeBrowser -->
      </class> <!-- seleniumrevision.org.test.PDFFetchFromURL -->
    </test> <!-- Default test -->
  </suite> <!-- Default suite -->
</testng-results>
